2025-03-13 00:33:41.665 [Test worker] DEBUG org.example.App - App initialized with custom services
2025-03-13 00:33:41.690 [Test worker] INFO  org.example.App - Transforming 1 users into summaries
2025-03-13 00:33:41.694 [Test worker] INFO  org.example.App - Successfully transformed 1 users into summaries
2025-03-13 00:33:41.720 [Test worker] DEBUG org.example.App - App initialized with custom services
2025-03-13 00:33:41.721 [Test worker] INFO  org.example.App - Fetching users from API
2025-03-13 00:33:41.721 [Test worker] INFO  org.example.App - Successfully fetched 1 users from API
2025-03-13 00:33:41.723 [Test worker] DEBUG org.example.App - App initialized with custom services
2025-03-13 00:33:41.723 [Test worker] INFO  org.example.App - Posting user summary for user: John Doe
2025-03-13 00:33:41.724 [Test worker] INFO  org.example.App - Successfully posted user summary for user: John Doe, result: true
2025-03-13 00:33:41.725 [Test worker] DEBUG org.example.App - App initialized with custom services
2025-03-13 00:33:41.726 [Test worker] INFO  org.example.App - Filtering 2 users by email domain: test.com
2025-03-13 00:33:41.726 [Test worker] INFO  org.example.App - Successfully filtered and transformed 1 users with email domain: test.com
2025-03-13 00:33:41.729 [Test worker] INFO  o.e.s.UserTransformationService - Transforming 3 users into user summaries
2025-03-13 00:33:41.730 [Test worker] DEBUG o.e.s.UserTransformationService - Transformed 3 users into user summaries
2025-03-13 00:33:41.731 [Test worker] INFO  o.e.s.UserTransformationService - Filtering and transforming 3 users
2025-03-13 00:33:41.731 [Test worker] DEBUG o.e.s.UserTransformationService - Filtered and transformed 2 users into user summaries
2025-03-13 00:33:41.732 [Test worker] INFO  o.e.s.UserTransformationService - Filtering users by city: New York and transforming
2025-03-13 00:33:41.732 [Test worker] INFO  o.e.s.UserTransformationService - Filtering and transforming 1 users
2025-03-13 00:33:41.732 [Test worker] DEBUG o.e.s.UserTransformationService - Filtered and transformed 0 users into user summaries
2025-03-13 00:33:41.732 [Test worker] DEBUG o.e.s.UserTransformationService - Found 0 users in city: New York
2025-03-13 00:33:41.733 [Test worker] INFO  o.e.s.UserTransformationService - Filtering users by email domain: example.com and transforming
2025-03-13 00:33:41.734 [Test worker] INFO  o.e.s.UserTransformationService - Filtering and transforming 1 users
2025-03-13 00:33:41.734 [Test worker] DEBUG o.e.s.UserTransformationService - Filtered and transformed 0 users into user summaries
2025-03-13 00:33:41.734 [Test worker] DEBUG o.e.s.UserTransformationService - Found 0 users with email domain: example.com
2025-03-13 00:33:41.734 [Test worker] INFO  o.e.s.UserTransformationService - Filtering users by email domain: example.com and transforming
2025-03-13 00:33:41.734 [Test worker] INFO  o.e.s.UserTransformationService - Filtering and transforming 3 users
2025-03-13 00:33:41.735 [Test worker] DEBUG o.e.s.UserTransformationService - Filtered and transformed 2 users into user summaries
2025-03-13 00:33:41.735 [Test worker] DEBUG o.e.s.UserTransformationService - Found 2 users with email domain: example.com
2025-03-13 00:33:41.735 [Test worker] INFO  o.e.s.UserTransformationService - Filtering users by city: New York and transforming
2025-03-13 00:33:41.735 [Test worker] INFO  o.e.s.UserTransformationService - Filtering and transforming 3 users
2025-03-13 00:33:41.735 [Test worker] DEBUG o.e.s.UserTransformationService - Filtered and transformed 2 users into user summaries
2025-03-13 00:33:41.735 [Test worker] DEBUG o.e.s.UserTransformationService - Found 2 users in city: New York
2025-03-13 00:33:51.614 [main] INFO  org.example.App - Starting application
2025-03-13 00:33:51.813 [main] INFO  org.example.service.ApiServiceImpl - ApiServiceImpl initialized with circuit breaker and retry configuration
2025-03-13 00:33:51.813 [main] DEBUG org.example.App - App initialized with custom services
2025-03-13 00:33:51.813 [main] DEBUG org.example.App - App initialized with default services
2025-03-13 00:33:51.813 [main] INFO  org.example.App - Fetching users from API
2025-03-13 00:33:51.813 [main] INFO  org.example.service.ApiServiceImpl - Fetching users from API
2025-03-13 00:33:51.821 [main] DEBUG org.example.service.ApiServiceImpl - Sending request to https://jsonplaceholder.typicode.com/users
2025-03-13 00:33:52.010 [main] DEBUG org.example.service.ApiServiceImpl - Received response: [
  {
    "id": 1,
    "name": "Leanne Graham",
    "username": "Bret",
    "email": "Sincere@april.biz",
    "address": {
      "street": "Kulas Light",
      "suite": "Apt. 556",
      "city": "Gwenborough",
      "zipcode": "92998-3874",
      "geo": {
        "lat": "-37.3159",
        "lng": "81.1496"
      }
    },
    "phone": "1-770-736-8031 x56442",
    "website": "hildegard.org",
    "company": {
      "name": "Romaguera-Crona",
      "catchPhrase": "Multi-layered client-server neural-net",
      "bs": "harness real-time e-markets"
    }
  },
  {
    "id": 2,
    "name": "Ervin Howell",
    "username": "Antonette",
    "email": "Shanna@melissa.tv",
    "address": {
      "street": "Victor Plains",
      "suite": "Suite 879",
      "city": "Wisokyburgh",
      "zipcode": "90566-7771",
      "geo": {
        "lat": "-43.9509",
        "lng": "-34.4618"
      }
    },
    "phone": "010-692-6593 x09125",
    "website": "anastasia.net",
    "company": {
      "name": "Deckow-Crist",
      "catchPhrase": "Proactive didactic contingency",
      "bs": "synergize scalable supply-chains"
    }
  },
  {
    "id": 3,
    "name": "Clementine Bauch",
    "username": "Samantha",
    "email": "Nathan@yesenia.net",
    "address": {
      "street": "Douglas Extension",
      "suite": "Suite 847",
      "city": "McKenziehaven",
      "zipcode": "59590-4157",
      "geo": {
        "lat": "-68.6102",
        "lng": "-47.0653"
      }
    },
    "phone": "1-463-123-4447",
    "website": "ramiro.info",
    "company": {
      "name": "Romaguera-Jacobson",
      "catchPhrase": "Face to face bifurcated interface",
      "bs": "e-enable strategic applications"
    }
  },
  {
    "id": 4,
    "name": "Patricia Lebsack",
    "username": "Karianne",
    "email": "Julianne.OConner@kory.org",
    "address": {
      "street": "Hoeger Mall",
      "suite": "Apt. 692",
      "city": "South Elvis",
      "zipcode": "53919-4257",
      "geo": {
        "lat": "29.4572",
        "lng": "-164.2990"
      }
    },
    "phone": "493-170-9623 x156",
    "website": "kale.biz",
    "company": {
      "name": "Robel-Corkery",
      "catchPhrase": "Multi-tiered zero tolerance productivity",
      "bs": "transition cutting-edge web services"
    }
  },
  {
    "id": 5,
    "name": "Chelsey Dietrich",
    "username": "Kamren",
    "email": "Lucio_Hettinger@annie.ca",
    "address": {
      "street": "Skiles Walks",
      "suite": "Suite 351",
      "city": "Roscoeview",
      "zipcode": "33263",
      "geo": {
        "lat": "-31.8129",
        "lng": "62.5342"
      }
    },
    "phone": "(254)954-1289",
    "website": "demarco.info",
    "company": {
      "name": "Keebler LLC",
      "catchPhrase": "User-centric fault-tolerant solution",
      "bs": "revolutionize end-to-end systems"
    }
  },
  {
    "id": 6,
    "name": "Mrs. Dennis Schulist",
    "username": "Leopoldo_Corkery",
    "email": "Karley_Dach@jasper.info",
    "address": {
      "street": "Norberto Crossing",
      "suite": "Apt. 950",
      "city": "South Christy",
      "zipcode": "23505-1337",
      "geo": {
        "lat": "-71.4197",
        "lng": "71.7478"
      }
    },
    "phone": "1-477-935-8478 x6430",
    "website": "ola.org",
    "company": {
      "name": "Considine-Lockman",
      "catchPhrase": "Synchronised bottom-line interface",
      "bs": "e-enable innovative applications"
    }
  },
  {
    "id": 7,
    "name": "Kurtis Weissnat",
    "username": "Elwyn.Skiles",
    "email": "Telly.Hoeger@billy.biz",
    "address": {
      "street": "Rex Trail",
      "suite": "Suite 280",
      "city": "Howemouth",
      "zipcode": "58804-1099",
      "geo": {
        "lat": "24.8918",
        "lng": "21.8984"
      }
    },
    "phone": "210.067.6132",
    "website": "elvis.io",
    "company": {
      "name": "Johns Group",
      "catchPhrase": "Configurable multimedia task-force",
      "bs": "generate enterprise e-tailers"
    }
  },
  {
    "id": 8,
    "name": "Nicholas Runolfsdottir V",
    "username": "Maxime_Nienow",
    "email": "Sherwood@rosamond.me",
    "address": {
      "street": "Ellsworth Summit",
      "suite": "Suite 729",
      "city": "Aliyaview",
      "zipcode": "45169",
      "geo": {
        "lat": "-14.3990",
        "lng": "-120.7677"
      }
    },
    "phone": "586.493.6943 x140",
    "website": "jacynthe.com",
    "company": {
      "name": "Abernathy Group",
      "catchPhrase": "Implemented secondary concept",
      "bs": "e-enable extensible e-tailers"
    }
  },
  {
    "id": 9,
    "name": "Glenna Reichert",
    "username": "Delphine",
    "email": "Chaim_McDermott@dana.io",
    "address": {
      "street": "Dayna Park",
      "suite": "Suite 449",
      "city": "Bartholomebury",
      "zipcode": "76495-3109",
      "geo": {
        "lat": "24.6463",
        "lng": "-168.8889"
      }
    },
    "phone": "(775)976-6794 x41206",
    "website": "conrad.com",
    "company": {
      "name": "Yost and Sons",
      "catchPhrase": "Switchable contextually-based project",
      "bs": "aggregate real-time technologies"
    }
  },
  {
    "id": 10,
    "name": "Clementina DuBuque",
    "username": "Moriah.Stanton",
    "email": "Rey.Padberg@karina.biz",
    "address": {
      "street": "Kattie Turnpike",
      "suite": "Suite 198",
      "city": "Lebsackbury",
      "zipcode": "31428-2261",
      "geo": {
        "lat": "-38.2386",
        "lng": "57.2232"
      }
    },
    "phone": "024-648-3804",
    "website": "ambrose.net",
    "company": {
      "name": "Hoeger LLC",
      "catchPhrase": "Centralized empowering task-force",
      "bs": "target end-to-end models"
    }
  }
]
2025-03-13 00:33:52.036 [main] INFO  org.example.service.ApiServiceImpl - Successfully fetched 10 users from API
2025-03-13 00:33:52.042 [main] INFO  org.example.App - Successfully fetched 10 users from API
2025-03-13 00:33:52.042 [main] INFO  org.example.App - Fetched 10 users from API
2025-03-13 00:33:52.042 [main] INFO  org.example.App - Filtering 10 users by email domain: example.com
2025-03-13 00:33:52.042 [main] INFO  o.e.s.UserTransformationService - Filtering users by email domain: example.com and transforming
2025-03-13 00:33:52.042 [main] INFO  o.e.s.UserTransformationService - Filtering and transforming 10 users
2025-03-13 00:33:52.042 [main] DEBUG o.e.s.UserTransformationService - Filtered and transformed 0 users into user summaries
2025-03-13 00:33:52.042 [main] DEBUG o.e.s.UserTransformationService - Found 0 users with email domain: example.com
2025-03-13 00:33:52.042 [main] INFO  org.example.App - Successfully filtered and transformed 0 users with email domain: example.com
2025-03-13 00:33:52.042 [main] INFO  org.example.App - Filtered and transformed 0 users with email domain: example.com
2025-03-13 00:33:52.042 [main] WARN  org.example.App - No users found with email domain: example.com, trying with city filter
2025-03-13 00:33:52.042 [main] INFO  o.e.s.UserTransformationService - Filtering users by city: Gwenborough and transforming
2025-03-13 00:33:52.042 [main] INFO  o.e.s.UserTransformationService - Filtering and transforming 10 users
2025-03-13 00:33:52.042 [main] DEBUG o.e.s.UserTransformationService - Filtered and transformed 1 users into user summaries
2025-03-13 00:33:52.042 [main] DEBUG o.e.s.UserTransformationService - Found 1 users in city: Gwenborough
2025-03-13 00:33:52.042 [main] INFO  org.example.App - Filtered and transformed 1 users from city: Gwenborough
2025-03-13 00:33:52.042 [main] INFO  org.example.App - Posting user summary for user: Leanne Graham
2025-03-13 00:33:52.042 [main] INFO  org.example.service.ApiServiceImpl - Posting user summary for user: Leanne Graham
2025-03-13 00:33:52.049 [main] DEBUG org.example.service.ApiServiceImpl - Sending request to https://jsonplaceholder.typicode.com/posts with body: {"user_id":1,"full_name":"Leanne Graham","contact_email":"Sincere@april.biz","location":"Gwenborough","organization":"Romaguera-Crona"}
2025-03-13 00:33:52.101 [main] INFO  org.example.service.ApiServiceImpl - Successfully posted user summary for user: Leanne Graham
2025-03-13 00:33:52.102 [main] INFO  org.example.App - Successfully posted user summary for user: Leanne Graham, result: true
2025-03-13 00:33:52.102 [main] INFO  org.example.App - Posted user summary for Leanne Graham (1): SUCCESS
2025-03-13 00:33:52.102 [main] INFO  org.example.App - Successfully posted 1/1 user summaries
2025-03-13 00:33:52.102 [main] INFO  org.example.App - Application completed successfully
2025-03-13 00:36:51.852 [Test worker] DEBUG org.example.App - App initialized with custom services
2025-03-13 00:36:51.883 [Test worker] INFO  org.example.App - Transforming 1 users into summaries
2025-03-13 00:36:51.890 [Test worker] INFO  org.example.App - Successfully transformed 1 users into summaries
2025-03-13 00:36:51.921 [Test worker] DEBUG org.example.App - App initialized with custom services
2025-03-13 00:36:51.922 [Test worker] INFO  org.example.App - Fetching users from API
2025-03-13 00:36:51.922 [Test worker] INFO  org.example.App - Successfully fetched 1 users from API
2025-03-13 00:36:51.924 [Test worker] DEBUG org.example.App - App initialized with custom services
2025-03-13 00:36:51.924 [Test worker] INFO  org.example.App - Posting user summary for user: John Doe
2025-03-13 00:36:51.925 [Test worker] INFO  org.example.App - Successfully posted user summary for user: John Doe, result: true
2025-03-13 00:36:51.928 [Test worker] DEBUG org.example.App - App initialized with custom services
2025-03-13 00:36:51.929 [Test worker] INFO  org.example.App - Filtering 2 users by email domain: test.com
2025-03-13 00:36:51.929 [Test worker] INFO  org.example.App - Successfully filtered and transformed 1 users with email domain: test.com
2025-03-13 00:36:51.932 [Test worker] INFO  o.e.s.UserTransformationService - Transforming 3 users into user summaries
2025-03-13 00:36:51.933 [Test worker] DEBUG o.e.s.UserTransformationService - Transformed 3 users into user summaries
2025-03-13 00:36:51.933 [Test worker] INFO  o.e.s.UserTransformationService - Filtering and transforming 3 users
2025-03-13 00:36:51.934 [Test worker] DEBUG o.e.s.UserTransformationService - Filtered and transformed 2 users into user summaries
2025-03-13 00:36:51.934 [Test worker] INFO  o.e.s.UserTransformationService - Filtering users by city: New York and transforming
2025-03-13 00:36:51.934 [Test worker] INFO  o.e.s.UserTransformationService - Filtering and transforming 1 users
2025-03-13 00:36:51.935 [Test worker] DEBUG o.e.s.UserTransformationService - Filtered and transformed 0 users into user summaries
2025-03-13 00:36:51.935 [Test worker] DEBUG o.e.s.UserTransformationService - Found 0 users in city: New York
2025-03-13 00:36:51.935 [Test worker] INFO  o.e.s.UserTransformationService - Filtering users by email domain: example.com and transforming
2025-03-13 00:36:51.935 [Test worker] INFO  o.e.s.UserTransformationService - Filtering and transforming 1 users
2025-03-13 00:36:51.935 [Test worker] DEBUG o.e.s.UserTransformationService - Filtered and transformed 0 users into user summaries
2025-03-13 00:36:51.936 [Test worker] DEBUG o.e.s.UserTransformationService - Found 0 users with email domain: example.com
2025-03-13 00:36:51.936 [Test worker] INFO  o.e.s.UserTransformationService - Filtering users by email domain: example.com and transforming
2025-03-13 00:36:51.936 [Test worker] INFO  o.e.s.UserTransformationService - Filtering and transforming 3 users
2025-03-13 00:36:51.936 [Test worker] DEBUG o.e.s.UserTransformationService - Filtered and transformed 2 users into user summaries
2025-03-13 00:36:51.936 [Test worker] DEBUG o.e.s.UserTransformationService - Found 2 users with email domain: example.com
2025-03-13 00:36:51.937 [Test worker] INFO  o.e.s.UserTransformationService - Filtering users by city: New York and transforming
2025-03-13 00:36:51.937 [Test worker] INFO  o.e.s.UserTransformationService - Filtering and transforming 3 users
2025-03-13 00:36:51.937 [Test worker] DEBUG o.e.s.UserTransformationService - Filtered and transformed 2 users into user summaries
2025-03-13 00:36:51.937 [Test worker] DEBUG o.e.s.UserTransformationService - Found 2 users in city: New York
2025-03-13 00:37:01.822 [main] INFO  org.example.App - Starting application
2025-03-13 00:37:02.015 [main] INFO  org.example.service.ApiServiceImpl - ApiServiceImpl initialized with circuit breaker and retry configuration
2025-03-13 00:37:02.015 [main] DEBUG org.example.App - App initialized with custom services
2025-03-13 00:37:02.015 [main] DEBUG org.example.App - App initialized with default services
2025-03-13 00:37:02.015 [main] INFO  org.example.App - Fetching users from API
2025-03-13 00:37:02.015 [main] INFO  org.example.service.ApiServiceImpl - Fetching users from API
2025-03-13 00:37:02.022 [main] DEBUG org.example.service.ApiServiceImpl - Sending request to https://jsonplaceholder.typicode.com/users
2025-03-13 00:37:02.196 [main] DEBUG org.example.service.ApiServiceImpl - Received response: [
  {
    "id": 1,
    "name": "Leanne Graham",
    "username": "Bret",
    "email": "Sincere@april.biz",
    "address": {
      "street": "Kulas Light",
      "suite": "Apt. 556",
      "city": "Gwenborough",
      "zipcode": "92998-3874",
      "geo": {
        "lat": "-37.3159",
        "lng": "81.1496"
      }
    },
    "phone": "1-770-736-8031 x56442",
    "website": "hildegard.org",
    "company": {
      "name": "Romaguera-Crona",
      "catchPhrase": "Multi-layered client-server neural-net",
      "bs": "harness real-time e-markets"
    }
  },
  {
    "id": 2,
    "name": "Ervin Howell",
    "username": "Antonette",
    "email": "Shanna@melissa.tv",
    "address": {
      "street": "Victor Plains",
      "suite": "Suite 879",
      "city": "Wisokyburgh",
      "zipcode": "90566-7771",
      "geo": {
        "lat": "-43.9509",
        "lng": "-34.4618"
      }
    },
    "phone": "010-692-6593 x09125",
    "website": "anastasia.net",
    "company": {
      "name": "Deckow-Crist",
      "catchPhrase": "Proactive didactic contingency",
      "bs": "synergize scalable supply-chains"
    }
  },
  {
    "id": 3,
    "name": "Clementine Bauch",
    "username": "Samantha",
    "email": "Nathan@yesenia.net",
    "address": {
      "street": "Douglas Extension",
      "suite": "Suite 847",
      "city": "McKenziehaven",
      "zipcode": "59590-4157",
      "geo": {
        "lat": "-68.6102",
        "lng": "-47.0653"
      }
    },
    "phone": "1-463-123-4447",
    "website": "ramiro.info",
    "company": {
      "name": "Romaguera-Jacobson",
      "catchPhrase": "Face to face bifurcated interface",
      "bs": "e-enable strategic applications"
    }
  },
  {
    "id": 4,
    "name": "Patricia Lebsack",
    "username": "Karianne",
    "email": "Julianne.OConner@kory.org",
    "address": {
      "street": "Hoeger Mall",
      "suite": "Apt. 692",
      "city": "South Elvis",
      "zipcode": "53919-4257",
      "geo": {
        "lat": "29.4572",
        "lng": "-164.2990"
      }
    },
    "phone": "493-170-9623 x156",
    "website": "kale.biz",
    "company": {
      "name": "Robel-Corkery",
      "catchPhrase": "Multi-tiered zero tolerance productivity",
      "bs": "transition cutting-edge web services"
    }
  },
  {
    "id": 5,
    "name": "Chelsey Dietrich",
    "username": "Kamren",
    "email": "Lucio_Hettinger@annie.ca",
    "address": {
      "street": "Skiles Walks",
      "suite": "Suite 351",
      "city": "Roscoeview",
      "zipcode": "33263",
      "geo": {
        "lat": "-31.8129",
        "lng": "62.5342"
      }
    },
    "phone": "(254)954-1289",
    "website": "demarco.info",
    "company": {
      "name": "Keebler LLC",
      "catchPhrase": "User-centric fault-tolerant solution",
      "bs": "revolutionize end-to-end systems"
    }
  },
  {
    "id": 6,
    "name": "Mrs. Dennis Schulist",
    "username": "Leopoldo_Corkery",
    "email": "Karley_Dach@jasper.info",
    "address": {
      "street": "Norberto Crossing",
      "suite": "Apt. 950",
      "city": "South Christy",
      "zipcode": "23505-1337",
      "geo": {
        "lat": "-71.4197",
        "lng": "71.7478"
      }
    },
    "phone": "1-477-935-8478 x6430",
    "website": "ola.org",
    "company": {
      "name": "Considine-Lockman",
      "catchPhrase": "Synchronised bottom-line interface",
      "bs": "e-enable innovative applications"
    }
  },
  {
    "id": 7,
    "name": "Kurtis Weissnat",
    "username": "Elwyn.Skiles",
    "email": "Telly.Hoeger@billy.biz",
    "address": {
      "street": "Rex Trail",
      "suite": "Suite 280",
      "city": "Howemouth",
      "zipcode": "58804-1099",
      "geo": {
        "lat": "24.8918",
        "lng": "21.8984"
      }
    },
    "phone": "210.067.6132",
    "website": "elvis.io",
    "company": {
      "name": "Johns Group",
      "catchPhrase": "Configurable multimedia task-force",
      "bs": "generate enterprise e-tailers"
    }
  },
  {
    "id": 8,
    "name": "Nicholas Runolfsdottir V",
    "username": "Maxime_Nienow",
    "email": "Sherwood@rosamond.me",
    "address": {
      "street": "Ellsworth Summit",
      "suite": "Suite 729",
      "city": "Aliyaview",
      "zipcode": "45169",
      "geo": {
        "lat": "-14.3990",
        "lng": "-120.7677"
      }
    },
    "phone": "586.493.6943 x140",
    "website": "jacynthe.com",
    "company": {
      "name": "Abernathy Group",
      "catchPhrase": "Implemented secondary concept",
      "bs": "e-enable extensible e-tailers"
    }
  },
  {
    "id": 9,
    "name": "Glenna Reichert",
    "username": "Delphine",
    "email": "Chaim_McDermott@dana.io",
    "address": {
      "street": "Dayna Park",
      "suite": "Suite 449",
      "city": "Bartholomebury",
      "zipcode": "76495-3109",
      "geo": {
        "lat": "24.6463",
        "lng": "-168.8889"
      }
    },
    "phone": "(775)976-6794 x41206",
    "website": "conrad.com",
    "company": {
      "name": "Yost and Sons",
      "catchPhrase": "Switchable contextually-based project",
      "bs": "aggregate real-time technologies"
    }
  },
  {
    "id": 10,
    "name": "Clementina DuBuque",
    "username": "Moriah.Stanton",
    "email": "Rey.Padberg@karina.biz",
    "address": {
      "street": "Kattie Turnpike",
      "suite": "Suite 198",
      "city": "Lebsackbury",
      "zipcode": "31428-2261",
      "geo": {
        "lat": "-38.2386",
        "lng": "57.2232"
      }
    },
    "phone": "024-648-3804",
    "website": "ambrose.net",
    "company": {
      "name": "Hoeger LLC",
      "catchPhrase": "Centralized empowering task-force",
      "bs": "target end-to-end models"
    }
  }
]
2025-03-13 00:37:02.220 [main] INFO  org.example.service.ApiServiceImpl - Successfully fetched 10 users from API
2025-03-13 00:37:02.226 [main] INFO  org.example.App - Successfully fetched 10 users from API
2025-03-13 00:37:02.226 [main] INFO  org.example.App - Fetched 10 users from API
2025-03-13 00:37:02.226 [main] INFO  org.example.App - Filtering 10 users by email domain: example.com
2025-03-13 00:37:02.226 [main] INFO  o.e.s.UserTransformationService - Filtering users by email domain: example.com and transforming
2025-03-13 00:37:02.227 [main] INFO  o.e.s.UserTransformationService - Filtering and transforming 10 users
2025-03-13 00:37:02.227 [main] DEBUG o.e.s.UserTransformationService - Filtered and transformed 0 users into user summaries
2025-03-13 00:37:02.227 [main] DEBUG o.e.s.UserTransformationService - Found 0 users with email domain: example.com
2025-03-13 00:37:02.227 [main] INFO  org.example.App - Successfully filtered and transformed 0 users with email domain: example.com
2025-03-13 00:37:02.227 [main] INFO  org.example.App - Filtered and transformed 0 users with email domain: example.com
2025-03-13 00:37:02.227 [main] WARN  org.example.App - No users found with email domain: example.com, trying with city filter
2025-03-13 00:37:02.227 [main] INFO  o.e.s.UserTransformationService - Filtering users by city: Gwenborough and transforming
2025-03-13 00:37:02.227 [main] INFO  o.e.s.UserTransformationService - Filtering and transforming 10 users
2025-03-13 00:37:02.227 [main] DEBUG o.e.s.UserTransformationService - Filtered and transformed 1 users into user summaries
2025-03-13 00:37:02.227 [main] DEBUG o.e.s.UserTransformationService - Found 1 users in city: Gwenborough
2025-03-13 00:37:02.227 [main] INFO  org.example.App - Filtered and transformed 1 users from city: Gwenborough
2025-03-13 00:37:02.227 [main] INFO  org.example.App - Posting user summary for user: Leanne Graham
2025-03-13 00:37:02.227 [main] INFO  org.example.service.ApiServiceImpl - Posting user summary for user: Leanne Graham
2025-03-13 00:37:02.234 [main] DEBUG org.example.service.ApiServiceImpl - Sending request to https://jsonplaceholder.typicode.com/posts with body: {"user_id":1,"full_name":"Leanne Graham","contact_email":"Sincere@april.biz","location":"Gwenborough","organization":"Romaguera-Crona"}
2025-03-13 00:37:02.287 [main] INFO  org.example.service.ApiServiceImpl - Successfully posted user summary for user: Leanne Graham
2025-03-13 00:37:02.287 [main] INFO  org.example.App - Successfully posted user summary for user: Leanne Graham, result: true
2025-03-13 00:37:02.287 [main] INFO  org.example.App - Posted user summary for Leanne Graham (1): SUCCESS
2025-03-13 00:37:02.287 [main] INFO  org.example.App - Successfully posted 1/1 user summaries
2025-03-13 00:37:02.287 [main] INFO  org.example.App - Application completed successfully
2025-03-13 00:39:18.606 [main] INFO  org.example.App - Starting application
2025-03-13 00:39:18.829 [main] INFO  org.example.service.ApiServiceImpl - ApiServiceImpl initialized with circuit breaker and retry configuration
2025-03-13 00:39:18.829 [main] DEBUG org.example.App - App initialized with custom services
2025-03-13 00:39:18.830 [main] DEBUG org.example.App - App initialized with default services
2025-03-13 00:39:18.830 [main] INFO  org.example.App - Fetching users from API
2025-03-13 00:39:18.830 [main] INFO  org.example.service.ApiServiceImpl - Fetching users from API
2025-03-13 00:39:18.837 [main] DEBUG org.example.service.ApiServiceImpl - Sending request to https://jsonplaceholder.typicode.com/users
2025-03-13 00:39:19.040 [main] DEBUG org.example.service.ApiServiceImpl - Received response: [
  {
    "id": 1,
    "name": "Leanne Graham",
    "username": "Bret",
    "email": "Sincere@april.biz",
    "address": {
      "street": "Kulas Light",
      "suite": "Apt. 556",
      "city": "Gwenborough",
      "zipcode": "92998-3874",
      "geo": {
        "lat": "-37.3159",
        "lng": "81.1496"
      }
    },
    "phone": "1-770-736-8031 x56442",
    "website": "hildegard.org",
    "company": {
      "name": "Romaguera-Crona",
      "catchPhrase": "Multi-layered client-server neural-net",
      "bs": "harness real-time e-markets"
    }
  },
  {
    "id": 2,
    "name": "Ervin Howell",
    "username": "Antonette",
    "email": "Shanna@melissa.tv",
    "address": {
      "street": "Victor Plains",
      "suite": "Suite 879",
      "city": "Wisokyburgh",
      "zipcode": "90566-7771",
      "geo": {
        "lat": "-43.9509",
        "lng": "-34.4618"
      }
    },
    "phone": "010-692-6593 x09125",
    "website": "anastasia.net",
    "company": {
      "name": "Deckow-Crist",
      "catchPhrase": "Proactive didactic contingency",
      "bs": "synergize scalable supply-chains"
    }
  },
  {
    "id": 3,
    "name": "Clementine Bauch",
    "username": "Samantha",
    "email": "Nathan@yesenia.net",
    "address": {
      "street": "Douglas Extension",
      "suite": "Suite 847",
      "city": "McKenziehaven",
      "zipcode": "59590-4157",
      "geo": {
        "lat": "-68.6102",
        "lng": "-47.0653"
      }
    },
    "phone": "1-463-123-4447",
    "website": "ramiro.info",
    "company": {
      "name": "Romaguera-Jacobson",
      "catchPhrase": "Face to face bifurcated interface",
      "bs": "e-enable strategic applications"
    }
  },
  {
    "id": 4,
    "name": "Patricia Lebsack",
    "username": "Karianne",
    "email": "Julianne.OConner@kory.org",
    "address": {
      "street": "Hoeger Mall",
      "suite": "Apt. 692",
      "city": "South Elvis",
      "zipcode": "53919-4257",
      "geo": {
        "lat": "29.4572",
        "lng": "-164.2990"
      }
    },
    "phone": "493-170-9623 x156",
    "website": "kale.biz",
    "company": {
      "name": "Robel-Corkery",
      "catchPhrase": "Multi-tiered zero tolerance productivity",
      "bs": "transition cutting-edge web services"
    }
  },
  {
    "id": 5,
    "name": "Chelsey Dietrich",
    "username": "Kamren",
    "email": "Lucio_Hettinger@annie.ca",
    "address": {
      "street": "Skiles Walks",
      "suite": "Suite 351",
      "city": "Roscoeview",
      "zipcode": "33263",
      "geo": {
        "lat": "-31.8129",
        "lng": "62.5342"
      }
    },
    "phone": "(254)954-1289",
    "website": "demarco.info",
    "company": {
      "name": "Keebler LLC",
      "catchPhrase": "User-centric fault-tolerant solution",
      "bs": "revolutionize end-to-end systems"
    }
  },
  {
    "id": 6,
    "name": "Mrs. Dennis Schulist",
    "username": "Leopoldo_Corkery",
    "email": "Karley_Dach@jasper.info",
    "address": {
      "street": "Norberto Crossing",
      "suite": "Apt. 950",
      "city": "South Christy",
      "zipcode": "23505-1337",
      "geo": {
        "lat": "-71.4197",
        "lng": "71.7478"
      }
    },
    "phone": "1-477-935-8478 x6430",
    "website": "ola.org",
    "company": {
      "name": "Considine-Lockman",
      "catchPhrase": "Synchronised bottom-line interface",
      "bs": "e-enable innovative applications"
    }
  },
  {
    "id": 7,
    "name": "Kurtis Weissnat",
    "username": "Elwyn.Skiles",
    "email": "Telly.Hoeger@billy.biz",
    "address": {
      "street": "Rex Trail",
      "suite": "Suite 280",
      "city": "Howemouth",
      "zipcode": "58804-1099",
      "geo": {
        "lat": "24.8918",
        "lng": "21.8984"
      }
    },
    "phone": "210.067.6132",
    "website": "elvis.io",
    "company": {
      "name": "Johns Group",
      "catchPhrase": "Configurable multimedia task-force",
      "bs": "generate enterprise e-tailers"
    }
  },
  {
    "id": 8,
    "name": "Nicholas Runolfsdottir V",
    "username": "Maxime_Nienow",
    "email": "Sherwood@rosamond.me",
    "address": {
      "street": "Ellsworth Summit",
      "suite": "Suite 729",
      "city": "Aliyaview",
      "zipcode": "45169",
      "geo": {
        "lat": "-14.3990",
        "lng": "-120.7677"
      }
    },
    "phone": "586.493.6943 x140",
    "website": "jacynthe.com",
    "company": {
      "name": "Abernathy Group",
      "catchPhrase": "Implemented secondary concept",
      "bs": "e-enable extensible e-tailers"
    }
  },
  {
    "id": 9,
    "name": "Glenna Reichert",
    "username": "Delphine",
    "email": "Chaim_McDermott@dana.io",
    "address": {
      "street": "Dayna Park",
      "suite": "Suite 449",
      "city": "Bartholomebury",
      "zipcode": "76495-3109",
      "geo": {
        "lat": "24.6463",
        "lng": "-168.8889"
      }
    },
    "phone": "(775)976-6794 x41206",
    "website": "conrad.com",
    "company": {
      "name": "Yost and Sons",
      "catchPhrase": "Switchable contextually-based project",
      "bs": "aggregate real-time technologies"
    }
  },
  {
    "id": 10,
    "name": "Clementina DuBuque",
    "username": "Moriah.Stanton",
    "email": "Rey.Padberg@karina.biz",
    "address": {
      "street": "Kattie Turnpike",
      "suite": "Suite 198",
      "city": "Lebsackbury",
      "zipcode": "31428-2261",
      "geo": {
        "lat": "-38.2386",
        "lng": "57.2232"
      }
    },
    "phone": "024-648-3804",
    "website": "ambrose.net",
    "company": {
      "name": "Hoeger LLC",
      "catchPhrase": "Centralized empowering task-force",
      "bs": "target end-to-end models"
    }
  }
]
2025-03-13 00:39:19.065 [main] INFO  org.example.service.ApiServiceImpl - Successfully fetched 10 users from API
2025-03-13 00:39:19.073 [main] INFO  org.example.App - Successfully fetched 10 users from API
2025-03-13 00:39:19.074 [main] INFO  org.example.App - Fetched 10 users from API
2025-03-13 00:39:19.074 [main] INFO  org.example.App - Filtering 10 users by email domain: example.com
2025-03-13 00:39:19.074 [main] INFO  o.e.s.UserTransformationService - Filtering users by email domain: example.com and transforming
2025-03-13 00:39:19.074 [main] INFO  o.e.s.UserTransformationService - Filtering and transforming 10 users
2025-03-13 00:39:19.074 [main] DEBUG o.e.s.UserTransformationService - Filtered and transformed 0 users into user summaries
2025-03-13 00:39:19.074 [main] DEBUG o.e.s.UserTransformationService - Found 0 users with email domain: example.com
2025-03-13 00:39:19.074 [main] INFO  org.example.App - Successfully filtered and transformed 0 users with email domain: example.com
2025-03-13 00:39:19.074 [main] INFO  org.example.App - Filtered and transformed 0 users with email domain: example.com
2025-03-13 00:39:19.074 [main] WARN  org.example.App - No users found with email domain: example.com, trying with city filter
2025-03-13 00:39:19.074 [main] INFO  o.e.s.UserTransformationService - Filtering users by city: Gwenborough and transforming
2025-03-13 00:39:19.075 [main] INFO  o.e.s.UserTransformationService - Filtering and transforming 10 users
2025-03-13 00:39:19.075 [main] DEBUG o.e.s.UserTransformationService - Filtered and transformed 1 users into user summaries
2025-03-13 00:39:19.075 [main] DEBUG o.e.s.UserTransformationService - Found 1 users in city: Gwenborough
2025-03-13 00:39:19.075 [main] INFO  org.example.App - Filtered and transformed 1 users from city: Gwenborough
2025-03-13 00:39:19.075 [main] INFO  org.example.App - Posting user summary for user: Leanne Graham
2025-03-13 00:39:19.075 [main] INFO  org.example.service.ApiServiceImpl - Posting user summary for user: Leanne Graham
2025-03-13 00:39:19.082 [main] DEBUG org.example.service.ApiServiceImpl - Sending request to https://jsonplaceholder.typicode.com/posts with body: {"user_id":1,"full_name":"Leanne Graham","contact_email":"Sincere@april.biz","location":"Gwenborough","organization":"Romaguera-Crona"}
2025-03-13 00:39:19.147 [main] INFO  org.example.service.ApiServiceImpl - Successfully posted user summary for user: Leanne Graham
2025-03-13 00:39:19.147 [main] INFO  org.example.App - Successfully posted user summary for user: Leanne Graham, result: true
2025-03-13 00:39:19.147 [main] INFO  org.example.App - Posted user summary for Leanne Graham (1): SUCCESS
2025-03-13 00:39:19.147 [main] INFO  org.example.App - Successfully posted 1/1 user summaries
2025-03-13 00:39:19.147 [main] INFO  org.example.App - Application completed successfully
